<?xml version="1.0" encoding="utf-8"?><testsuites name="pytest tests"><testsuite name="pytest" errors="0" failures="0" skipped="0" tests="57" time="32.837" timestamp="2026-03-17T03:51:35.348768+00:00" hostname="codespaces-f42a31"><testcase classname="codetypo.tests.test_dictionary" name="test_dictionaries_exist" time="0.004" /><testcase classname="codetypo.tests.test_dictionary" name="test_dictionary_formatting[/workspaces/codetypo/codetypo/tests/../data/dictionary.txt-in_aspell0-in_dictionary0]" time="32.148" /><testcase classname="codetypo.tests.test_dictionary" name="test_dictionary_formatting[/workspaces/codetypo/codetypo/tests/../data/dictionary_rare.txt-in_aspell1-in_dictionary1]" time="0.006" /><testcase classname="codetypo.tests.test_dictionary" name="test_dictionary_formatting[/workspaces/codetypo/codetypo/tests/../data/dictionary_informal.txt-in_aspell2-in_dictionary2]" time="0.008" /><testcase classname="codetypo.tests.test_dictionary" name="test_dictionary_formatting[/workspaces/codetypo/codetypo/tests/../data/dictionary_usage.txt-in_aspell3-in_dictionary3]" time="0.002" /><testcase classname="codetypo.tests.test_dictionary" name="test_dictionary_formatting[/workspaces/codetypo/codetypo/tests/../data/dictionary_code.txt-in_aspell4-in_dictionary4]" time="0.003" /><testcase classname="codetypo.tests.test_dictionary" name="test_dictionary_formatting[/workspaces/codetypo/codetypo/tests/../data/dictionary_names.txt-in_aspell5-in_dictionary5]" time="0.002" /><testcase classname="codetypo.tests.test_dictionary" name="test_dictionary_formatting[/workspaces/codetypo/codetypo/tests/../data/dictionary_en_to_en-OX_AUTOGENERATED.txt-in_aspell6-in_dictionary6]" time="0.009" /><testcase classname="codetypo.tests.test_dictionary" name="test_dictionary_formatting[/workspaces/codetypo/codetypo/tests/../data/dictionary_en-GB_to_en-US.txt-in_aspell7-in_dictionary7]" time="0.007" /><testcase classname="codetypo.tests.test_dictionary" name="test_dictionary_sorting[filename0]" time="0.001" /><testcase classname="codetypo.tests.test_dictionary" name="test_dictionary_sorting[filename1]" time="0.029" /><testcase classname="codetypo.tests.test_dictionary" name="test_dictionary_sorting[filename2]" time="0.001" /><testcase classname="codetypo.tests.test_dictionary" name="test_dictionary_sorting[filename3]" time="0.001" /><testcase classname="codetypo.tests.test_dictionary" name="test_dictionary_sorting[filename4]" time="0.001" /><testcase classname="codetypo.tests.test_dictionary" name="test_dictionary_sorting[filename5]" time="0.001" /><testcase classname="codetypo.tests.test_dictionary" name="test_dictionary_sorting[filename6]" time="0.001" /><testcase classname="codetypo.tests.test_dictionary" name="test_dictionary_sorting[filename7]" time="0.001" /><testcase classname="codetypo.tests.test_dictionary" name="test_dictionary_sorting[filename8]" time="0.001" /><testcase classname="codetypo.tests.test_dictionary" name="test_dictionary_sorting[filename9]" time="0.001" /><testcase classname="codetypo.tests.test_dictionary" name="test_error_checking[a a-bar-has whitespace]" time="0.003" /><testcase classname="codetypo.tests.test_dictionary" name="test_error_checking[a,a-bar-has a comma]" time="0.003" /><testcase classname="codetypo.tests.test_dictionary" name="test_error_checking[a--non-empty]" time="0.001" /><testcase classname="codetypo.tests.test_dictionary" name="test_error_checking[a- bar-start with whitespace]" time="0.002" /><testcase classname="codetypo.tests.test_dictionary" name="test_error_checking[a-,bar-starts with a comma]" time="0.004" /><testcase classname="codetypo.tests.test_dictionary" name="test_error_checking[a-bar,bat-.*not.*followed by a space]" time="0.002" /><testcase classname="codetypo.tests.test_dictionary" name="test_error_checking[a-bar -trailing space]" time="0.003" /><testcase classname="codetypo.tests.test_dictionary" name="test_error_checking[a-b ,ar-contains a whitespace.*followed by a comma]" time="0.002" /><testcase classname="codetypo.tests.test_dictionary" name="test_error_checking[a-bar,-single entry.*comma]" time="0.002" /><testcase classname="codetypo.tests.test_dictionary" name="test_error_checking[a-bar, bat-must end with trailing &quot;,&quot;]" time="0.002" /><testcase classname="codetypo.tests.test_dictionary" name="test_error_checking[a-a, bar,-corrects to itself amongst others]" time="0.002" /><testcase classname="codetypo.tests.test_dictionary" name="test_error_checking[a-a-corrects to itself]" time="0.003" /><testcase classname="codetypo.tests.test_dictionary" name="test_error_checking[a-bar, Bar,-unique]" time="0.002" /><testcase classname="codetypo.tests.test_dictionary" name="test_error_checking_in_aspell[abcdef-uvwxyz, bar,-True-None-should be in aspell]" time="0.003" /><testcase classname="codetypo.tests.test_dictionary" name="test_error_checking_in_aspell[a-uvwxyz, bar,-False-None-should not be in aspell]" time="0.003" /><testcase classname="codetypo.tests.test_dictionary" name="test_error_checking_in_aspell[a-abcdef, uvwxyz,-None-True-should be in aspell]" time="0.002" /><testcase classname="codetypo.tests.test_dictionary" name="test_error_checking_in_aspell[abcdef-uvwxyz, bar,-True-True-should be in aspell]" time="0.003" /><testcase classname="codetypo.tests.test_dictionary" name="test_error_checking_in_aspell[abcdef-uvwxyz, bar,-False-True-should be in aspell]" time="0.003" /><testcase classname="codetypo.tests.test_dictionary" name="test_error_checking_in_aspell[a-bar, back,-None-False-should not be in aspell]" time="0.002" /><testcase classname="codetypo.tests.test_dictionary" name="test_error_checking_in_aspell[a-bar, back, Wednesday,-None-False-should not be in aspell]" time="0.002" /><testcase classname="codetypo.tests.test_dictionary" name="test_error_checking_in_aspell[abcdef-ghijkl, uvwxyz,-True-False-should be in aspell]" time="0.002" /><testcase classname="codetypo.tests.test_dictionary" name="test_error_checking_in_aspell[abcdef-uvwxyz, bar,-False-False-should not be in aspell]" time="0.003" /><testcase classname="codetypo.tests.test_dictionary" name="test_error_checking_in_aspell[a-abcdef uvwxyz-None-True-should be in aspell]" time="0.003" /><testcase classname="codetypo.tests.test_dictionary" name="test_error_checking_in_aspell[a-bar back-None-False-should not be in aspell]" time="0.003" /><testcase classname="codetypo.tests.test_dictionary" name="test_error_checking_in_aspell[a-bar back Wednesday-None-False-should not be in aspell]" time="0.002" /><testcase classname="codetypo.tests.test_dictionary" name="test_error_checking_in_aspell[a-bar back, abcdef uvwxyz, bar,-None-True-should be in aspell]" time="0.002" /><testcase classname="codetypo.tests.test_dictionary" name="test_error_checking_in_aspell[a-abcdef uvwxyz, bar back, ghijkl,-None-False-should not be in aspell]" time="0.006" /><testcase classname="codetypo.tests.test_dictionary" name="test_error_checking_in_aspell[a-bar abcdef-None-True-should be in aspell]" time="0.006" /><testcase classname="codetypo.tests.test_dictionary" name="test_error_checking_in_aspell[a-abcdef back-None-False-should not be in aspell]" time="0.007" /><testcase classname="codetypo.tests.test_dictionary" name="test_dictionary_looping[/workspaces/codetypo/codetypo/tests/../data/dictionary.txt-in_aspell0-in_dictionary0]" time="0.251" /><testcase classname="codetypo.tests.test_dictionary" name="test_dictionary_looping[/workspaces/codetypo/codetypo/tests/../data/dictionary_rare.txt-in_aspell1-in_dictionary1]" time="0.003" /><testcase classname="codetypo.tests.test_dictionary" name="test_dictionary_looping[/workspaces/codetypo/codetypo/tests/../data/dictionary_informal.txt-in_aspell2-in_dictionary2]" time="0.024" /><testcase classname="codetypo.tests.test_dictionary" name="test_dictionary_looping[/workspaces/codetypo/codetypo/tests/../data/dictionary_usage.txt-in_aspell3-in_dictionary3]" time="0.002" /><testcase classname="codetypo.tests.test_dictionary" name="test_dictionary_looping[/workspaces/codetypo/codetypo/tests/../data/dictionary_code.txt-in_aspell4-in_dictionary4]" time="0.004" /><testcase classname="codetypo.tests.test_dictionary" name="test_dictionary_looping[/workspaces/codetypo/codetypo/tests/../data/dictionary_names.txt-in_aspell5-in_dictionary5]" time="0.002" /><testcase classname="codetypo.tests.test_dictionary" name="test_dictionary_looping[/workspaces/codetypo/codetypo/tests/../data/dictionary_en_to_en-OX_AUTOGENERATED.txt-in_aspell6-in_dictionary6]" time="0.006" /><testcase classname="codetypo.tests.test_dictionary" name="test_dictionary_looping[/workspaces/codetypo/codetypo/tests/../data/dictionary_en-GB_to_en-US.txt-in_aspell7-in_dictionary7]" time="0.005" /><testcase classname="codetypo.tests.test_dictionary" name="test_ran_all" time="0.001" /></testsuite></testsuites>